{"contracts/DeezNutzNFT.sol":{"l":{"27":48,"28":48,"33":1,"38":50,"39":50,"40":50,"41":50,"42":49,"44":49,"45":0,"46":0,"50":49,"51":250,"60":1,"61":1,"62":1,"63":0,"65":1,"75":1,"80":1,"81":1,"95":1,"99":1,"103":49,"110":1,"114":1,"118":1,"122":1,"126":1},"path":"/Users/chris/Coding/deez-nutz-dapp/contracts/DeezNutzNFT.sol","s":{"1":48,"2":48,"3":1,"4":50,"5":50,"6":50,"7":50,"8":49,"9":49,"10":0,"11":0,"12":49,"13":250,"14":1,"15":1,"16":1,"17":0,"18":1,"19":1,"20":1,"21":1,"22":1,"23":1,"24":49,"25":1,"26":1,"27":1,"28":1,"29":1},"b":{"1":[50,0],"2":[50,0],"3":[49,1],"4":[49,0],"5":[0,49],"6":[0,0],"7":[0,0],"8":[1,0],"9":[1,0]},"f":{"1":48,"2":1,"3":50,"4":1,"5":1,"6":1,"7":1,"8":49,"9":1,"10":1,"11":1,"12":1,"13":1},"fnMap":{"1":{"name":"constructor","line":26,"loc":{"start":{"line":22,"column":4},"end":{"line":29,"column":4}}},"2":{"name":"_baseURI","line":32,"loc":{"start":{"line":32,"column":4},"end":{"line":34,"column":4}}},"3":{"name":"mint","line":37,"loc":{"start":{"line":37,"column":4},"end":{"line":53,"column":4}}},"4":{"name":"walletOfOwner","line":55,"loc":{"start":{"line":55,"column":4},"end":{"line":66,"column":4}}},"5":{"name":"tokenURI","line":68,"loc":{"start":{"line":68,"column":4},"end":{"line":91,"column":4}}},"6":{"name":"setCost","line":94,"loc":{"start":{"line":94,"column":4},"end":{"line":96,"column":4}}},"7":{"name":"setmaxMintAmount","line":98,"loc":{"start":{"line":98,"column":4},"end":{"line":100,"column":4}}},"8":{"name":"setBaseURI","line":102,"loc":{"start":{"line":102,"column":4},"end":{"line":104,"column":4}}},"9":{"name":"setBaseExtension","line":108,"loc":{"start":{"line":106,"column":4},"end":{"line":111,"column":4}}},"10":{"name":"pause","line":113,"loc":{"start":{"line":113,"column":4},"end":{"line":115,"column":4}}},"11":{"name":"whitelistUser","line":117,"loc":{"start":{"line":117,"column":4},"end":{"line":119,"column":4}}},"12":{"name":"removeWhitelistUser","line":121,"loc":{"start":{"line":121,"column":4},"end":{"line":123,"column":4}}},"13":{"name":"withdraw","line":125,"loc":{"start":{"line":125,"column":4},"end":{"line":127,"column":4}}}},"statementMap":{"1":{"start":{"line":27,"column":8},"end":{"line":27,"column":31}},"2":{"start":{"line":28,"column":8},"end":{"line":28,"column":26}},"3":{"start":{"line":33,"column":8},"end":{"line":33,"column":22}},"4":{"start":{"line":38,"column":8},"end":{"line":38,"column":38}},"5":{"start":{"line":39,"column":8},"end":{"line":39,"column":23}},"6":{"start":{"line":40,"column":8},"end":{"line":40,"column":31}},"7":{"start":{"line":41,"column":8},"end":{"line":41,"column":44}},"8":{"start":{"line":42,"column":8},"end":{"line":42,"column":49}},"9":{"start":{"line":44,"column":8},"end":{"line":44,"column":1249}},"10":{"start":{"line":45,"column":12},"end":{"line":45,"column":1294}},"11":{"start":{"line":46,"column":16},"end":{"line":46,"column":55}},"12":{"start":{"line":50,"column":8},"end":{"line":50,"column":1420}},"13":{"start":{"line":51,"column":12},"end":{"line":51,"column":37}},"14":{"start":{"line":60,"column":8},"end":{"line":60,"column":51}},"15":{"start":{"line":61,"column":8},"end":{"line":61,"column":66}},"16":{"start":{"line":62,"column":8},"end":{"line":62,"column":1763}},"17":{"start":{"line":63,"column":12},"end":{"line":63,"column":55}},"18":{"start":{"line":65,"column":8},"end":{"line":65,"column":23}},"19":{"start":{"line":75,"column":8},"end":{"line":75,"column":2053}},"20":{"start":{"line":80,"column":8},"end":{"line":80,"column":49}},"21":{"start":{"line":81,"column":8},"end":{"line":81,"column":2237}},"22":{"start":{"line":95,"column":8},"end":{"line":95,"column":22}},"23":{"start":{"line":99,"column":8},"end":{"line":99,"column":40}},"24":{"start":{"line":103,"column":8},"end":{"line":103,"column":28}},"25":{"start":{"line":110,"column":8},"end":{"line":110,"column":40}},"26":{"start":{"line":114,"column":8},"end":{"line":114,"column":22}},"27":{"start":{"line":118,"column":8},"end":{"line":118,"column":32}},"28":{"start":{"line":122,"column":8},"end":{"line":122,"column":33}},"29":{"start":{"line":126,"column":8},"end":{"line":126,"column":63}}},"branchMap":{"1":{"line":39,"type":"if","locations":[{"start":{"line":39,"column":8},"end":{"line":39,"column":8}},{"start":{"line":39,"column":8},"end":{"line":39,"column":8}}]},"2":{"line":40,"type":"if","locations":[{"start":{"line":40,"column":8},"end":{"line":40,"column":8}},{"start":{"line":40,"column":8},"end":{"line":40,"column":8}}]},"3":{"line":41,"type":"if","locations":[{"start":{"line":41,"column":8},"end":{"line":41,"column":8}},{"start":{"line":41,"column":8},"end":{"line":41,"column":8}}]},"4":{"line":42,"type":"if","locations":[{"start":{"line":42,"column":8},"end":{"line":42,"column":8}},{"start":{"line":42,"column":8},"end":{"line":42,"column":8}}]},"5":{"line":44,"type":"if","locations":[{"start":{"line":44,"column":8},"end":{"line":44,"column":8}},{"start":{"line":44,"column":8},"end":{"line":44,"column":8}}]},"6":{"line":45,"type":"if","locations":[{"start":{"line":45,"column":12},"end":{"line":45,"column":12}},{"start":{"line":45,"column":12},"end":{"line":45,"column":12}}]},"7":{"line":46,"type":"if","locations":[{"start":{"line":46,"column":16},"end":{"line":46,"column":16}},{"start":{"line":46,"column":16},"end":{"line":46,"column":16}}]},"8":{"line":75,"type":"if","locations":[{"start":{"line":75,"column":8},"end":{"line":75,"column":8}},{"start":{"line":75,"column":8},"end":{"line":75,"column":8}}]},"9":{"line":126,"type":"if","locations":[{"start":{"line":126,"column":8},"end":{"line":126,"column":8}},{"start":{"line":126,"column":8},"end":{"line":126,"column":8}}]}}}}